<?xml version="1.0" encoding="UTF-8"?>
<!-- Generated by org.testng.reporters.JUnitXMLReporter -->
<testsuite ignored="0" hostname="LAPTOP-S1PMD99L" failures="0" tests="10" name="Default test" time="162.844" errors="0" timestamp="19 Jan 2022 12:39:15 GMT">
  <testcase classname="runner.WebApp" name="HomePage" time="0.607"/>
  <testcase classname="runner.WebApp" name="SignUp" time="7.022"/>
  <testcase classname="runner.WebApp" name="HomepageLogin" time="3.846"/>
  <testcase classname="runner.WebApp" name="AboutPage" time="1.759"/>
  <testcase classname="runner.WebApp" name="ContactPage" time="2.437"/>
  <testcase classname="runner.WebApp" name="OnewayPage" time="11.344"/>
  <testcase classname="runner.WebApp" name="LocalPage" time="33.584"/>
  <testcase classname="runner.WebApp" name="OutstationPage" time="24.896"/>
  <testcase classname="runner.WebApp" name="AirportPage" time="23.565"/>
  <testcase classname="runner.WebApp" name="CorporatePage" time="8.052"/>
</testsuite> <!-- Default test -->
