<?xml version="1.0" encoding="UTF-8"?>
<testng-results ignored="0" total="10" passed="10" failed="0" skipped="0">
  <reporter-output>
  </reporter-output>
  <suite started-at="2022-01-19T12:36:32Z" name="Default suite" finished-at="2022-01-19T12:39:15Z" duration-ms="162844">
    <groups>
    </groups>
    <test started-at="2022-01-19T12:36:32Z" name="Default test" finished-at="2022-01-19T12:39:15Z" duration-ms="162844">
      <class name="runner.WebApp">
        <test-method is-config="true" signature="Before()[pri:0, instance:runner.WebApp@79da1ec0]" started-at="2022-01-19T12:36:32Z" name="Before" finished-at="2022-01-19T12:36:36Z" duration-ms="4423" status="PASS">
          <reporter-output>
          </reporter-output>
        </test-method> <!-- Before -->
        <test-method signature="HomePage()[pri:1, instance:runner.WebApp@79da1ec0]" started-at="2022-01-19T12:36:36Z" name="HomePage" finished-at="2022-01-19T12:36:37Z" duration-ms="607" status="PASS">
          <reporter-output>
          </reporter-output>
        </test-method> <!-- HomePage -->
        <test-method is-config="true" signature="After()[pri:0, instance:runner.WebApp@79da1ec0]" started-at="2022-01-19T12:36:37Z" name="After" finished-at="2022-01-19T12:36:37Z" duration-ms="154" status="PASS">
          <reporter-output>
          </reporter-output>
        </test-method> <!-- After -->
        <test-method is-config="true" signature="Before()[pri:0, instance:runner.WebApp@79da1ec0]" started-at="2022-01-19T12:36:37Z" name="Before" finished-at="2022-01-19T12:36:41Z" duration-ms="4271" status="PASS">
          <reporter-output>
          </reporter-output>
        </test-method> <!-- Before -->
        <test-method signature="SignUp()[pri:2, instance:runner.WebApp@79da1ec0]" started-at="2022-01-19T12:36:41Z" name="SignUp" finished-at="2022-01-19T12:36:48Z" duration-ms="7022" status="PASS">
          <reporter-output>
          </reporter-output>
        </test-method> <!-- SignUp -->
        <test-method is-config="true" signature="After()[pri:0, instance:runner.WebApp@79da1ec0]" started-at="2022-01-19T12:36:48Z" name="After" finished-at="2022-01-19T12:36:48Z" duration-ms="185" status="PASS">
          <reporter-output>
          </reporter-output>
        </test-method> <!-- After -->
        <test-method is-config="true" signature="Before()[pri:0, instance:runner.WebApp@79da1ec0]" started-at="2022-01-19T12:36:48Z" name="Before" finished-at="2022-01-19T12:36:53Z" duration-ms="4640" status="PASS">
          <reporter-output>
          </reporter-output>
        </test-method> <!-- Before -->
        <test-method signature="HomepageLogin()[pri:3, instance:runner.WebApp@79da1ec0]" started-at="2022-01-19T12:36:53Z" name="HomepageLogin" finished-at="2022-01-19T12:36:57Z" duration-ms="3846" status="PASS">
          <reporter-output>
          </reporter-output>
        </test-method> <!-- HomepageLogin -->
        <test-method is-config="true" signature="After()[pri:0, instance:runner.WebApp@79da1ec0]" started-at="2022-01-19T12:36:57Z" name="After" finished-at="2022-01-19T12:36:57Z" duration-ms="258" status="PASS">
          <reporter-output>
          </reporter-output>
        </test-method> <!-- After -->
        <test-method is-config="true" signature="Before()[pri:0, instance:runner.WebApp@79da1ec0]" started-at="2022-01-19T12:36:57Z" name="Before" finished-at="2022-01-19T12:37:02Z" duration-ms="4524" status="PASS">
          <reporter-output>
          </reporter-output>
        </test-method> <!-- Before -->
        <test-method signature="AboutPage()[pri:4, instance:runner.WebApp@79da1ec0]" started-at="2022-01-19T12:37:02Z" name="AboutPage" finished-at="2022-01-19T12:37:03Z" duration-ms="1759" status="PASS">
          <reporter-output>
          </reporter-output>
        </test-method> <!-- AboutPage -->
        <test-method is-config="true" signature="After()[pri:0, instance:runner.WebApp@79da1ec0]" started-at="2022-01-19T12:37:03Z" name="After" finished-at="2022-01-19T12:37:04Z" duration-ms="174" status="PASS">
          <reporter-output>
          </reporter-output>
        </test-method> <!-- After -->
        <test-method is-config="true" signature="Before()[pri:0, instance:runner.WebApp@79da1ec0]" started-at="2022-01-19T12:37:04Z" name="Before" finished-at="2022-01-19T12:37:09Z" duration-ms="4883" status="PASS">
          <reporter-output>
          </reporter-output>
        </test-method> <!-- Before -->
        <test-method signature="ContactPage()[pri:5, instance:runner.WebApp@79da1ec0]" started-at="2022-01-19T12:37:09Z" name="ContactPage" finished-at="2022-01-19T12:37:11Z" duration-ms="2437" status="PASS">
          <reporter-output>
          </reporter-output>
        </test-method> <!-- ContactPage -->
        <test-method is-config="true" signature="After()[pri:0, instance:runner.WebApp@79da1ec0]" started-at="2022-01-19T12:37:11Z" name="After" finished-at="2022-01-19T12:37:11Z" duration-ms="152" status="PASS">
          <reporter-output>
          </reporter-output>
        </test-method> <!-- After -->
        <test-method is-config="true" signature="Before()[pri:0, instance:runner.WebApp@79da1ec0]" started-at="2022-01-19T12:37:11Z" name="Before" finished-at="2022-01-19T12:37:16Z" duration-ms="4830" status="PASS">
          <reporter-output>
          </reporter-output>
        </test-method> <!-- Before -->
        <test-method signature="OnewayPage()[pri:6, instance:runner.WebApp@79da1ec0]" started-at="2022-01-19T12:37:16Z" name="OnewayPage" finished-at="2022-01-19T12:37:27Z" duration-ms="11344" status="PASS">
          <reporter-output>
          </reporter-output>
        </test-method> <!-- OnewayPage -->
        <test-method is-config="true" signature="After()[pri:0, instance:runner.WebApp@79da1ec0]" started-at="2022-01-19T12:37:27Z" name="After" finished-at="2022-01-19T12:37:28Z" duration-ms="217" status="PASS">
          <reporter-output>
          </reporter-output>
        </test-method> <!-- After -->
        <test-method is-config="true" signature="Before()[pri:0, instance:runner.WebApp@79da1ec0]" started-at="2022-01-19T12:37:28Z" name="Before" finished-at="2022-01-19T12:37:32Z" duration-ms="4432" status="PASS">
          <reporter-output>
          </reporter-output>
        </test-method> <!-- Before -->
        <test-method signature="LocalPage()[pri:7, instance:runner.WebApp@79da1ec0]" started-at="2022-01-19T12:37:32Z" name="LocalPage" finished-at="2022-01-19T12:38:06Z" duration-ms="33584" status="PASS">
          <reporter-output>
          </reporter-output>
        </test-method> <!-- LocalPage -->
        <test-method is-config="true" signature="After()[pri:0, instance:runner.WebApp@79da1ec0]" started-at="2022-01-19T12:38:06Z" name="After" finished-at="2022-01-19T12:38:06Z" duration-ms="197" status="PASS">
          <reporter-output>
          </reporter-output>
        </test-method> <!-- After -->
        <test-method is-config="true" signature="Before()[pri:0, instance:runner.WebApp@79da1ec0]" started-at="2022-01-19T12:38:06Z" name="Before" finished-at="2022-01-19T12:38:09Z" duration-ms="3543" status="PASS">
          <reporter-output>
          </reporter-output>
        </test-method> <!-- Before -->
        <test-method signature="OutstationPage()[pri:8, instance:runner.WebApp@79da1ec0]" started-at="2022-01-19T12:38:09Z" name="OutstationPage" finished-at="2022-01-19T12:38:34Z" duration-ms="24896" status="PASS">
          <reporter-output>
          </reporter-output>
        </test-method> <!-- OutstationPage -->
        <test-method is-config="true" signature="After()[pri:0, instance:runner.WebApp@79da1ec0]" started-at="2022-01-19T12:38:34Z" name="After" finished-at="2022-01-19T12:38:34Z" duration-ms="219" status="PASS">
          <reporter-output>
          </reporter-output>
        </test-method> <!-- After -->
        <test-method is-config="true" signature="Before()[pri:0, instance:runner.WebApp@79da1ec0]" started-at="2022-01-19T12:38:34Z" name="Before" finished-at="2022-01-19T12:38:38Z" duration-ms="4079" status="PASS">
          <reporter-output>
          </reporter-output>
        </test-method> <!-- Before -->
        <test-method signature="AirportPage()[pri:9, instance:runner.WebApp@79da1ec0]" started-at="2022-01-19T12:38:38Z" name="AirportPage" finished-at="2022-01-19T12:39:02Z" duration-ms="23565" status="PASS">
          <reporter-output>
          </reporter-output>
        </test-method> <!-- AirportPage -->
        <test-method is-config="true" signature="After()[pri:0, instance:runner.WebApp@79da1ec0]" started-at="2022-01-19T12:39:02Z" name="After" finished-at="2022-01-19T12:39:02Z" duration-ms="240" status="PASS">
          <reporter-output>
          </reporter-output>
        </test-method> <!-- After -->
        <test-method is-config="true" signature="Before()[pri:0, instance:runner.WebApp@79da1ec0]" started-at="2022-01-19T12:39:02Z" name="Before" finished-at="2022-01-19T12:39:06Z" duration-ms="4094" status="PASS">
          <reporter-output>
          </reporter-output>
        </test-method> <!-- Before -->
        <test-method signature="CorporatePage()[pri:10, instance:runner.WebApp@79da1ec0]" started-at="2022-01-19T12:39:06Z" name="CorporatePage" finished-at="2022-01-19T12:39:14Z" duration-ms="8052" status="PASS">
          <reporter-output>
          </reporter-output>
        </test-method> <!-- CorporatePage -->
        <test-method is-config="true" signature="After()[pri:0, instance:runner.WebApp@79da1ec0]" started-at="2022-01-19T12:39:14Z" name="After" finished-at="2022-01-19T12:39:15Z" duration-ms="187" status="PASS">
          <reporter-output>
          </reporter-output>
        </test-method> <!-- After -->
        <test-method is-config="true" signature="flush()[pri:0, instance:runner.WebApp@79da1ec0]" started-at="2022-01-19T12:39:15Z" name="flush" finished-at="2022-01-19T12:39:15Z" duration-ms="254" status="PASS">
          <reporter-output>
          </reporter-output>
        </test-method> <!-- flush -->
      </class> <!-- runner.WebApp -->
    </test> <!-- Default test -->
  </suite> <!-- Default suite -->
</testng-results>
